<?xml version="1.0" encoding="UTF-8"?>
<!-- Generated by org.testng.reporters.JUnitXMLReporter -->
<testsuite hostname="j6673234-Inspiron-3542" ignored="0" name="Test" tests="2" failures="2" timestamp="27 Mar 2017 09:55:57 GMT" time="15.486" errors="0">
  <testcase name="launchUrl" time="4.604" classname="Demo.LoginTest">
    <failure type="java.lang.AssertionError" message="expected [Guru99 Bank Manager HomePage] but found []">
      <![CDATA[java.lang.AssertionError: expected [Guru99 Bank Manager HomePage] but found []
	at Demo.LoginTest.launchUrl(LoginTest.java:46)
... Removed 31 stack frames]]>
    </failure>
  </testcase> <!-- launchUrl -->
  <testcase name="launchUrl" time="3.614" classname="Demo.LoginTest">
    <failure type="java.lang.AssertionError" message="expected [Guru99 Bank Manager HomePage] but found []">
      <![CDATA[java.lang.AssertionError: expected [Guru99 Bank Manager HomePage] but found []
	at Demo.LoginTest.launchUrl(LoginTest.java:46)
... Removed 31 stack frames]]>
    </failure>
  </testcase> <!-- launchUrl -->
</testsuite> <!-- Test -->
